ERROR: org.springframework.boot.SpringApplication ==> Application run failed : [2025-06-30 18:29:38.757]

java.lang.IllegalStateException: java.lang.IllegalStateException: Could not initialize Log4J2 logging from classpath:log4js.properties
	at org.springframework.boot.context.logging.LoggingApplicationListener.initializeSystem(LoggingApplicationListener.java:347) ~[spring-boot-3.3.13.jar:3.3.13]
	at org.springframework.boot.context.logging.LoggingApplicationListener.initialize(LoggingApplicationListener.java:298) ~[spring-boot-3.3.13.jar:3.3.13]
	at org.springframework.boot.context.logging.LoggingApplicationListener.onApplicationEnvironmentPreparedEvent(LoggingApplicationListener.java:246) ~[spring-boot-3.3.13.jar:3.3.13]
	at org.springframework.boot.context.logging.LoggingApplicationListener.onApplicationEvent(LoggingApplicationListener.java:223) ~[spring-boot-3.3.13.jar:3.3.13]
	at org.springframework.context.event.SimpleApplicationEventMulticaster.doInvokeListener(SimpleApplicationEventMulticaster.java:185) ~[spring-context-6.1.21.jar:6.1.21]
	at org.springframework.context.event.SimpleApplicationEventMulticaster.invokeListener(SimpleApplicationEventMulticaster.java:178) ~[spring-context-6.1.21.jar:6.1.21]
	at org.springframework.context.event.SimpleApplicationEventMulticaster.multicastEvent(SimpleApplicationEventMulticaster.java:156) ~[spring-context-6.1.21.jar:6.1.21]
	at org.springframework.context.event.SimpleApplicationEventMulticaster.multicastEvent(SimpleApplicationEventMulticaster.java:138) ~[spring-context-6.1.21.jar:6.1.21]
	at org.springframework.boot.context.event.EventPublishingRunListener.multicastInitialEvent(EventPublishingRunListener.java:136) ~[spring-boot-3.3.13.jar:3.3.13]
	at org.springframework.boot.context.event.EventPublishingRunListener.environmentPrepared(EventPublishingRunListener.java:81) ~[spring-boot-3.3.13.jar:3.3.13]
	at org.springframework.boot.SpringApplicationRunListeners.lambda$environmentPrepared$2(SpringApplicationRunListeners.java:64) ~[spring-boot-3.3.13.jar:3.3.13]
	at java.base/java.lang.Iterable.forEach(Iterable.java:75) ~[?:?]
	at org.springframework.boot.SpringApplicationRunListeners.doWithListeners(SpringApplicationRunListeners.java:118) ~[spring-boot-3.3.13.jar:3.3.13]
	at org.springframework.boot.SpringApplicationRunListeners.doWithListeners(SpringApplicationRunListeners.java:112) ~[spring-boot-3.3.13.jar:3.3.13]
	at org.springframework.boot.SpringApplicationRunListeners.environmentPrepared(SpringApplicationRunListeners.java:63) ~[spring-boot-3.3.13.jar:3.3.13]
	at org.springframework.boot.SpringApplication.prepareEnvironment(SpringApplication.java:370) [spring-boot-3.3.13.jar:3.3.13]
	at org.springframework.boot.SpringApplication.run(SpringApplication.java:330) [spring-boot-3.3.13.jar:3.3.13]
	at org.springframework.boot.SpringApplication.run(SpringApplication.java:1363) [spring-boot-3.3.13.jar:3.3.13]
	at org.springframework.boot.SpringApplication.run(SpringApplication.java:1352) [spring-boot-3.3.13.jar:3.3.13]
	at com.javateam.demoMVC.DemoMvcApplication.main(DemoMvcApplication.java:10) [main/:?]
	at java.base/jdk.internal.reflect.DirectMethodHandleAccessor.invoke(DirectMethodHandleAccessor.java:103) ~[?:?]
	at java.base/java.lang.reflect.Method.invoke(Method.java:580) ~[?:?]
	at org.springframework.boot.devtools.restart.RestartLauncher.run(RestartLauncher.java:50) [spring-boot-devtools-3.3.13.jar:3.3.13]
Caused by: java.lang.IllegalStateException: Could not initialize Log4J2 logging from classpath:log4js.properties
	at org.springframework.boot.logging.log4j2.Log4J2LoggingSystem.loadConfiguration(Log4J2LoggingSystem.java:275) ~[spring-boot-3.3.13.jar:3.3.13]
	at org.springframework.boot.logging.log4j2.Log4J2LoggingSystem.load(Log4J2LoggingSystem.java:244) ~[spring-boot-3.3.13.jar:3.3.13]
	at org.springframework.boot.logging.log4j2.Log4J2LoggingSystem.loadConfiguration(Log4J2LoggingSystem.java:236) ~[spring-boot-3.3.13.jar:3.3.13]
	at org.springframework.boot.logging.AbstractLoggingSystem.initializeWithSpecificConfig(AbstractLoggingSystem.java:67) ~[spring-boot-3.3.13.jar:3.3.13]
	at org.springframework.boot.logging.AbstractLoggingSystem.initialize(AbstractLoggingSystem.java:58) ~[spring-boot-3.3.13.jar:3.3.13]
	at org.springframework.boot.logging.log4j2.Log4J2LoggingSystem.initialize(Log4J2LoggingSystem.java:223) ~[spring-boot-3.3.13.jar:3.3.13]
	at org.springframework.boot.context.logging.LoggingApplicationListener.initializeSystem(LoggingApplicationListener.java:335) ~[spring-boot-3.3.13.jar:3.3.13]
	... 22 more
Caused by: java.io.FileNotFoundException: class path resource [log4js.properties] cannot be resolved to URL because it does not exist
	at org.springframework.core.io.ClassPathResource.getURL(ClassPathResource.java:230) ~[spring-core-6.1.21.jar:6.1.21]
	at org.springframework.boot.logging.log4j2.Log4J2LoggingSystem.load(Log4J2LoggingSystem.java:287) ~[spring-boot-3.3.13.jar:3.3.13]
	at org.springframework.boot.logging.log4j2.Log4J2LoggingSystem.loadConfiguration(Log4J2LoggingSystem.java:266) ~[spring-boot-3.3.13.jar:3.3.13]
	at org.springframework.boot.logging.log4j2.Log4J2LoggingSystem.load(Log4J2LoggingSystem.java:244) ~[spring-boot-3.3.13.jar:3.3.13]
	at org.springframework.boot.logging.log4j2.Log4J2LoggingSystem.loadConfiguration(Log4J2LoggingSystem.java:236) ~[spring-boot-3.3.13.jar:3.3.13]
	at org.springframework.boot.logging.AbstractLoggingSystem.initializeWithSpecificConfig(AbstractLoggingSystem.java:67) ~[spring-boot-3.3.13.jar:3.3.13]
	at org.springframework.boot.logging.AbstractLoggingSystem.initialize(AbstractLoggingSystem.java:58) ~[spring-boot-3.3.13.jar:3.3.13]
	at org.springframework.boot.logging.log4j2.Log4J2LoggingSystem.initialize(Log4J2LoggingSystem.java:223) ~[spring-boot-3.3.13.jar:3.3.13]
	at org.springframework.boot.context.logging.LoggingApplicationListener.initializeSystem(LoggingApplicationListener.java:335) ~[spring-boot-3.3.13.jar:3.3.13]
	... 22 more
